# JRE version: OpenJDK Runtime Environment Temurin-17.0.12+7 (17.0.12+7) (build 17.0.12+7)
# Java VM: OpenJDK 64-Bit Server VM Temurin-17.0.12+7 (17.0.12+7, mixed mode, tiered, compressed oops, compressed class ptrs, parallel gc, windows-amd64)
GC Precious Log:
 CPUs: 4 total, 4 available
 Memory: 3979M
 Large Page Support: Disabled
 NUMA Support: Disabled
 Compressed Oops: Enabled (32-bit)
 Alignments: Space 512K, Generation 512K, Heap 2M
 Heap Min Capacity: 100M
 Heap Initial Capacity: 100M
 Heap Max Capacity: 1G
 Pre-touch: Disabled
 Parallel Workers: 4
Heap:
 PSYoungGen      total 16384K, used 6974K [0x00000000eab00000, 0x00000000ec380000, 0x0000000100000000)
  eden space 9728K, 49% used [0x00000000eab00000,0x00000000eafafb10,0x00000000eb480000)
  from space 6656K, 32% used [0x00000000eb800000,0x00000000eba20038,0x00000000ebe80000)
  to   space 3072K, 0% used [0x00000000ec080000,0x00000000ec080000,0x00000000ec380000)
 ParOldGen       total 408576K, used 352822K [0x00000000c0000000, 0x00000000d8f00000, 0x00000000eab00000)
  object space 408576K, 86% used [0x00000000c0000000,0x00000000d588d838,0x00000000d8f00000)
 Metaspace       used 70915K, committed 72064K, reserved 1114112K
  class space    used 7748K, committed 8256K, reserved 1048576K
GC Heap History (20 events):
Event: 44.679 GC heap before
{Heap before GC invocations=176 (full 10):
 PSYoungGen      total 22016K, used 12269K [0x00000000eab00000, 0x00000000f1400000, 0x0000000100000000)
  eden space 9728K, 0% used [0x00000000eab00000,0x00000000eab00000,0x00000000eb480000)
  from space 12288K, 99% used [0x00000000ed780000,0x00000000ee37b7b0,0x00000000ee380000)
  to   space 35840K, 0% used [0x00000000eb480000,0x00000000eb480000,0x00000000ed780000)
 ParOldGen       total 307200K, used 307055K [0x00000000c0000000, 0x00000000d2c00000, 0x00000000eab00000)
  object space 307200K, 99% used [0x00000000c0000000,0x00000000d2bdbd50,0x00000000d2c00000)
 Metaspace       used 69220K, committed 70336K, reserved 1114112K
  class space    used 7533K, committed 8000K, reserved 1048576K
}
Event: 45.370 GC heap after
{Heap after GC invocations=176 (full 10):
 PSYoungGen      total 22016K, used 8999K [0x00000000eab00000, 0x00000000efb80000, 0x0000000100000000)
  eden space 9728K, 0% used [0x00000000eab00000,0x00000000eab00000,0x00000000eb480000)
  from space 12288K, 73% used [0x00000000ed780000,0x00000000ee049f50,0x00000000ee380000)
  to   space 35840K, 0% used [0x00000000eb480000,0x00000000eb480000,0x00000000ed780000)
 ParOldGen       total 408576K, used 306890K [0x00000000c0000000, 0x00000000d8f00000, 0x00000000eab00000)
  object space 408576K, 75% used [0x00000000c0000000,0x00000000d2bb28a8,0x00000000d8f00000)
 Metaspace       used 69220K, committed 70336K, reserved 1114112K
  class space    used 7533K, committed 8000K, reserved 1048576K
}
Event: 45.520 GC heap before
{Heap before GC invocations=177 (full 10):
 PSYoungGen      total 22016K, used 18727K [0x00000000eab00000, 0x00000000efb80000, 0x0000000100000000)
  eden space 9728K, 100% used [0x00000000eab00000,0x00000000eb480000,0x00000000eb480000)
  from space 12288K, 73% used [0x00000000ed780000,0x00000000ee049f50,0x00000000ee380000)
  to   space 35840K, 0% used [0x00000000eb480000,0x00000000eb480000,0x00000000ed780000)
 ParOldGen       total 408576K, used 306890K [0x00000000c0000000, 0x00000000d8f00000, 0x00000000eab00000)
  object space 408576K, 75% used [0x00000000c0000000,0x00000000d2bb28a8,0x00000000d8f00000)
 Metaspace       used 69220K, committed 70336K, reserved 1114112K
  class space    used 7533K, committed 8000K, reserved 1048576K
}
Event: 45.576 GC heap after
{Heap after GC invocations=177 (full 10):
 PSYoungGen      total 19456K, used 9686K [0x00000000eab00000, 0x00000000ed880000, 0x0000000100000000)
  eden space 9728K, 0% used [0x00000000eab00000,0x00000000eab00000,0x00000000eb480000)
  from space 9728K, 99% used [0x00000000eb480000,0x00000000ebdf5b40,0x00000000ebe00000)
  to   space 17920K, 0% used [0x00000000ec700000,0x00000000ec700000,0x00000000ed880000)
 ParOldGen       total 408576K, used 315295K [0x00000000c0000000, 0x00000000d8f00000, 0x00000000eab00000)
  object space 408576K, 77% used [0x00000000c0000000,0x00000000d33e7c48,0x00000000d8f00000)
 Metaspace       used 69220K, committed 70336K, reserved 1114112K
  class space    used 7533K, committed 8000K, reserved 1048576K
}
Event: 45.761 GC heap before
{Heap before GC invocations=178 (full 10):
 PSYoungGen      total 19456K, used 19414K [0x00000000eab00000, 0x00000000ed880000, 0x0000000100000000)
  eden space 9728K, 100% used [0x00000000eab00000,0x00000000eb480000,0x00000000eb480000)
  from space 9728K, 99% used [0x00000000eb480000,0x00000000ebdf5b40,0x00000000ebe00000)
  to   space 17920K, 0% used [0x00000000ec700000,0x00000000ec700000,0x00000000ed880000)
 ParOldGen       total 408576K, used 315295K [0x00000000c0000000, 0x00000000d8f00000, 0x00000000eab00000)
  object space 408576K, 77% used [0x00000000c0000000,0x00000000d33e7c48,0x00000000d8f00000)
 Metaspace       used 69220K, committed 70336K, reserved 1114112K
  class space    used 7533K, committed 8000K, reserved 1048576K
}
Event: 45.782 GC heap after
{Heap after GC invocations=178 (full 10):
 PSYoungGen      total 25088K, used 17915K [0x00000000eab00000, 0x00000000edf80000, 0x0000000100000000)
  eden space 7168K, 0% used [0x00000000eab00000,0x00000000eab00000,0x00000000eb200000)
  from space 17920K, 99% used [0x00000000ec700000,0x00000000ed87ef88,0x00000000ed880000)
  to   space 21504K, 0% used [0x00000000eb200000,0x00000000eb200000,0x00000000ec700000)
 ParOldGen       total 408576K, used 316583K [0x00000000c0000000, 0x00000000d8f00000, 0x00000000eab00000)
  object space 408576K, 77% used [0x00000000c0000000,0x00000000d3529c48,0x00000000d8f00000)
 Metaspace       used 69220K, committed 70336K, reserved 1114112K
  class space    used 7533K, committed 8000K, reserved 1048576K
}
Event: 45.954 GC heap before
{Heap before GC invocations=179 (full 10):
 PSYoungGen      total 25088K, used 25083K [0x00000000eab00000, 0x00000000edf80000, 0x0000000100000000)
  eden space 7168K, 100% used [0x00000000eab00000,0x00000000eb200000,0x00000000eb200000)
  from space 17920K, 99% used [0x00000000ec700000,0x00000000ed87ef88,0x00000000ed880000)
  to   space 21504K, 0% used [0x00000000eb200000,0x00000000eb200000,0x00000000ec700000)
 ParOldGen       total 408576K, used 316583K [0x00000000c0000000, 0x00000000d8f00000, 0x00000000eab00000)
  object space 408576K, 77% used [0x00000000c0000000,0x00000000d3529c48,0x00000000d8f00000)
 Metaspace       used 69243K, committed 70336K, reserved 1114112K
  class space    used 7533K, committed 8000K, reserved 1048576K
}
Event: 45.994 GC heap after
{Heap after GC invocations=179 (full 10):
 PSYoungGen      total 14336K, used 6830K [0x00000000eab00000, 0x00000000eca00000, 0x0000000100000000)
  eden space 7168K, 0% used [0x00000000eab00000,0x00000000eab00000,0x00000000eb200000)
  from space 7168K, 95% used [0x00000000eb200000,0x00000000eb8abbd8,0x00000000eb900000)
  to   space 11776K, 0% used [0x00000000ebe80000,0x00000000ebe80000,0x00000000eca00000)
 ParOldGen       total 408576K, used 333935K [0x00000000c0000000, 0x00000000d8f00000, 0x00000000eab00000)
  object space 408576K, 81% used [0x00000000c0000000,0x00000000d461bcc0,0x00000000d8f00000)
 Metaspace       used 69243K, committed 70336K, reserved 1114112K
  class space    used 7533K, committed 8000K, reserved 1048576K
}
Event: 46.589 GC heap before
{Heap before GC invocations=180 (full 10):
 PSYoungGen      total 14336K, used 13998K [0x00000000eab00000, 0x00000000eca00000, 0x0000000100000000)
  eden space 7168K, 100% used [0x00000000eab00000,0x00000000eb200000,0x00000000eb200000)
  from space 7168K, 95% used [0x00000000eb200000,0x00000000eb8abbd8,0x00000000eb900000)
  to   space 11776K, 0% used [0x00000000ebe80000,0x00000000ebe80000,0x00000000eca00000)
 ParOldGen       total 408576K, used 333935K [0x00000000c0000000, 0x00000000d8f00000, 0x00000000eab00000)
  object space 408576K, 81% used [0x00000000c0000000,0x00000000d461bcc0,0x00000000d8f00000)
 Metaspace       used 69243K, committed 70336K, reserved 1114112K
  class space    used 7533K, committed 8000K, reserved 1048576K
}
Event: 46.602 GC heap after
{Heap after GC invocations=180 (full 10):
 PSYoungGen      total 19456K, used 11190K [0x00000000eab00000, 0x00000000ecb00000, 0x0000000100000000)
  eden space 7680K, 0% used [0x00000000eab00000,0x00000000eab00000,0x00000000eb280000)
  from space 11776K, 95% used [0x00000000ebe80000,0x00000000ec96db78,0x00000000eca00000)
  to   space 12288K, 0% used [0x00000000eb280000,0x00000000eb280000,0x00000000ebe80000)
 ParOldGen       total 408576K, used 333935K [0x00000000c0000000, 0x00000000d8f00000, 0x00000000eab00000)
  object space 408576K, 81% used [0x00000000c0000000,0x00000000d461bcc0,0x00000000d8f00000)
 Metaspace       used 69243K, committed 70336K, reserved 1114112K
  class space    used 7533K, committed 8000K, reserved 1048576K
}
Event: 46.742 GC heap before
{Heap before GC invocations=181 (full 10):
 PSYoungGen      total 19456K, used 18870K [0x00000000eab00000, 0x00000000ecb00000, 0x0000000100000000)
  eden space 7680K, 100% used [0x00000000eab00000,0x00000000eb280000,0x00000000eb280000)
  from space 11776K, 95% used [0x00000000ebe80000,0x00000000ec96db78,0x00000000eca00000)
  to   space 12288K, 0% used [0x00000000eb280000,0x00000000eb280000,0x00000000ebe80000)
 ParOldGen       total 408576K, used 333935K [0x00000000c0000000, 0x00000000d8f00000, 0x00000000eab00000)
  object space 408576K, 81% used [0x00000000c0000000,0x00000000d461bcc0,0x00000000d8f00000)
 Metaspace       used 69291K, committed 70400K, reserved 1114112K
  class space    used 7540K, committed 8000K, reserved 1048576K
}
Event: 46.757 GC heap after
{Heap after GC invocations=181 (full 10):
 PSYoungGen      total 19968K, used 12256K [0x00000000eab00000, 0x00000000ed080000, 0x0000000100000000)
  eden space 7680K, 0% used [0x00000000eab00000,0x00000000eab00000,0x00000000eb280000)
  from space 12288K, 99% used [0x00000000eb280000,0x00000000ebe781e0,0x00000000ebe80000)
  to   space 14848K, 0% used [0x00000000ec200000,0x00000000ec200000,0x00000000ed080000)
 ParOldGen       total 408576K, used 335687K [0x00000000c0000000, 0x00000000d8f00000, 0x00000000eab00000)
  object space 408576K, 82% used [0x00000000c0000000,0x00000000d47d1cc0,0x00000000d8f00000)
 Metaspace       used 69291K, committed 70400K, reserved 1114112K
  class space    used 7540K, committed 8000K, reserved 1048576K
}
Event: 46.789 GC heap before
{Heap before GC invocations=182 (full 10):
 PSYoungGen      total 19968K, used 19936K [0x00000000eab00000, 0x00000000ed080000, 0x0000000100000000)
  eden space 7680K, 100% used [0x00000000eab00000,0x00000000eb280000,0x00000000eb280000)
  from space 12288K, 99% used [0x00000000eb280000,0x00000000ebe781e0,0x00000000ebe80000)
  to   space 14848K, 0% used [0x00000000ec200000,0x00000000ec200000,0x00000000ed080000)
 ParOldGen       total 408576K, used 335687K [0x00000000c0000000, 0x00000000d8f00000, 0x00000000eab00000)
  object space 408576K, 82% used [0x00000000c0000000,0x00000000d47d1cc0,0x00000000d8f00000)
 Metaspace       used 69295K, committed 70400K, reserved 1114112K
  class space    used 7541K, committed 8000K, reserved 1048576K
}
Event: 46.808 GC heap after
{Heap after GC invocations=182 (full 10):
 PSYoungGen      total 16384K, used 7469K [0x00000000eab00000, 0x00000000ec980000, 0x0000000100000000)
  eden space 8704K, 0% used [0x00000000eab00000,0x00000000eab00000,0x00000000eb380000)
  from space 7680K, 97% used [0x00000000ec200000,0x00000000ec94b580,0x00000000ec980000)
  to   space 10240K, 0% used [0x00000000eb580000,0x00000000eb580000,0x00000000ebf80000)
 ParOldGen       total 408576K, used 346115K [0x00000000c0000000, 0x00000000d8f00000, 0x00000000eab00000)
  object space 408576K, 84% used [0x00000000c0000000,0x00000000d5200cb0,0x00000000d8f00000)
 Metaspace       used 69295K, committed 70400K, reserved 1114112K
  class space    used 7541K, committed 8000K, reserved 1048576K
}
Event: 46.857 GC heap before
{Heap before GC invocations=183 (full 10):
 PSYoungGen      total 16384K, used 16173K [0x00000000eab00000, 0x00000000ec980000, 0x0000000100000000)
  eden space 8704K, 100% used [0x00000000eab00000,0x00000000eb380000,0x00000000eb380000)
  from space 7680K, 97% used [0x00000000ec200000,0x00000000ec94b580,0x00000000ec980000)
  to   space 10240K, 0% used [0x00000000eb580000,0x00000000eb580000,0x00000000ebf80000)
 ParOldGen       total 408576K, used 346115K [0x00000000c0000000, 0x00000000d8f00000, 0x00000000eab00000)
  object space 408576K, 84% used [0x00000000c0000000,0x00000000d5200cb0,0x00000000d8f00000)
 Metaspace       used 69320K, committed 70400K, reserved 1114112K
  class space    used 7541K, committed 8000K, reserved 1048576K
}
Event: 46.870 GC heap after
{Heap after GC invocations=183 (full 10):
 PSYoungGen      total 19968K, used 10233K [0x00000000eab00000, 0x00000000ed180000, 0x0000000100000000)
  eden space 9728K, 0% used [0x00000000eab00000,0x00000000eab00000,0x00000000eb480000)
  from space 10240K, 99% used [0x00000000eb580000,0x00000000ebf7e6d0,0x00000000ebf80000)
  to   space 14848K, 0% used [0x00000000ec300000,0x00000000ec300000,0x00000000ed180000)
 ParOldGen       total 408576K, used 349390K [0x00000000c0000000, 0x00000000d8f00000, 0x00000000eab00000)
  object space 408576K, 85% used [0x00000000c0000000,0x00000000d5533838,0x00000000d8f00000)
 Metaspace       used 69320K, committed 70400K, reserved 1114112K
  class space    used 7541K, committed 8000K, reserved 1048576K
}
Event: 2374.870 GC heap before
{Heap before GC invocations=184 (full 10):
 PSYoungGen      total 19968K, used 19961K [0x00000000eab00000, 0x00000000ed180000, 0x0000000100000000)
  eden space 9728K, 100% used [0x00000000eab00000,0x00000000eb480000,0x00000000eb480000)
  from space 10240K, 99% used [0x00000000eb580000,0x00000000ebf7e6d0,0x00000000ebf80000)
  to   space 14848K, 0% used [0x00000000ec300000,0x00000000ec300000,0x00000000ed180000)
 ParOldGen       total 408576K, used 349390K [0x00000000c0000000, 0x00000000d8f00000, 0x00000000eab00000)
  object space 408576K, 85% used [0x00000000c0000000,0x00000000d5533838,0x00000000d8f00000)
 Metaspace       used 69503K, committed 70656K, reserved 1114112K
  class space    used 7560K, committed 8064K, reserved 1048576K
}
Event: 2375.033 GC heap after
{Heap after GC invocations=184 (full 10):
 PSYoungGen      total 11776K, used 1984K [0x00000000eab00000, 0x00000000ec500000, 0x0000000100000000)
  eden space 9728K, 0% used [0x00000000eab00000,0x00000000eab00000,0x00000000eb480000)
  from space 2048K, 96% used [0x00000000ec300000,0x00000000ec4f0018,0x00000000ec500000)
  to   space 6656K, 0% used [0x00000000eb800000,0x00000000eb800000,0x00000000ebe80000)
 ParOldGen       total 408576K, used 352814K [0x00000000c0000000, 0x00000000d8f00000, 0x00000000eab00000)
  object space 408576K, 86% used [0x00000000c0000000,0x00000000d588b838,0x00000000d8f00000)
 Metaspace       used 69503K, committed 70656K, reserved 1114112K
  class space    used 7560K, committed 8064K, reserved 1048576K
}
Event: 2452.233 GC heap before
{Heap before GC invocations=185 (full 10):
 PSYoungGen      total 11776K, used 11712K [0x00000000eab00000, 0x00000000ec500000, 0x0000000100000000)
  eden space 9728K, 100% used [0x00000000eab00000,0x00000000eb480000,0x00000000eb480000)
  from space 2048K, 96% used [0x00000000ec300000,0x00000000ec4f0018,0x00000000ec500000)
  to   space 6656K, 0% used [0x00000000eb800000,0x00000000eb800000,0x00000000ebe80000)
 ParOldGen       total 408576K, used 352814K [0x00000000c0000000, 0x00000000d8f00000, 0x00000000eab00000)
  object space 408576K, 86% used [0x00000000c0000000,0x00000000d588b838,0x00000000d8f00000)
 Metaspace       used 70519K, committed 71744K, reserved 1114112K
  class space    used 7697K, committed 8192K, reserved 1048576K
}
Event: 2452.238 GC heap after
{Heap after GC invocations=185 (full 10):
 PSYoungGen      total 16384K, used 2176K [0x00000000eab00000, 0x00000000ec380000, 0x0000000100000000)
  eden space 9728K, 0% used [0x00000000eab00000,0x00000000eab00000,0x00000000eb480000)
  from space 6656K, 32% used [0x00000000eb800000,0x00000000eba20038,0x00000000ebe80000)
  to   space 3072K, 0% used [0x00000000ec080000,0x00000000ec080000,0x00000000ec380000)
 ParOldGen       total 408576K, used 352822K [0x00000000c0000000, 0x00000000d8f00000, 0x00000000eab00000)
  object space 408576K, 86% used [0x00000000c0000000,0x00000000d588d838,0x00000000d8f00000)
 Metaspace       used 70519K, committed 71744K, reserved 1114112K
  class space    used 7697K, committed 8192K, reserved 1048576K
}

